{"E:\\python\\2025\\node\\src\\core\\entities\\user.entity.ts": {"path":"E:\\python\\2025\\node\\src\\core\\entities\\user.entity.ts","statementMap":{"0":{"start":{"line":1,"column":0},"end":{"line":1,"column":36}},"1":{"start":{"line":2,"column":0},"end":{"line":2,"column":44}},"2":{"start":{"line":3,"column":0},"end":{"line":3,"column":35}},"3":{"start":{"line":4,"column":0},"end":{"line":4,"column":24}},"4":{"start":{"line":6,"column":21},"end":{"line":9,"column":2}},"5":{"start":{"line":15,"column":4},"end":{"line":18,"column":7}},"6":{"start":{"line":27,"column":4},"end":{"line":27,"column":12}},"7":{"start":{"line":28,"column":4},"end":{"line":28,"column":18}},"8":{"start":{"line":32,"column":4},"end":{"line":32,"column":20}},"9":{"start":{"line":41,"column":24},"end":{"line":43,"column":6}},"10":{"start":{"line":44,"column":4},"end":{"line":44,"column":23}},"11":{"start":{"line":24,"column":0},"end":{"line":24,"column":13}},"12":{"start":{"line":50,"column":4},"end":{"line":50,"column":12}},"13":{"start":{"line":64,"column":17},"end":{"line":64,"column":55}},"14":{"start":{"line":65,"column":4},"end":{"line":65,"column":35}},"15":{"start":{"line":66,"column":4},"end":{"line":66,"column":30}},"16":{"start":{"line":79,"column":20},"end":{"line":79,"column":59}},"17":{"start":{"line":80,"column":4},"end":{"line":82,"column":5}},"18":{"start":{"line":81,"column":6},"end":{"line":81,"column":25}},"19":{"start":{"line":83,"column":4},"end":{"line":83,"column":57}},"20":{"start":{"line":48,"column":0},"end":{"line":48,"column":13}}},"fnMap":{"0":{"name":"(anonymous_0)","decl":{"start":{"line":14,"column":2},"end":{"line":14,"column":null}},"loc":{"start":{"line":14,"column":2},"end":{"line":19,"column":3}}},"1":{"name":"(anonymous_1)","decl":{"start":{"line":26,"column":2},"end":{"line":26,"column":14}},"loc":{"start":{"line":26,"column":49},"end":{"line":29,"column":3}}},"2":{"name":"(anonymous_2)","decl":{"start":{"line":31,"column":2},"end":{"line":31,"column":13}},"loc":{"start":{"line":31,"column":15},"end":{"line":33,"column":3}}},"3":{"name":"(anonymous_3)","decl":{"start":{"line":40,"column":9},"end":{"line":40,"column":37}},"loc":{"start":{"line":40,"column":37},"end":{"line":45,"column":3}}},"4":{"name":"(anonymous_4)","decl":{"start":{"line":49,"column":2},"end":{"line":49,"column":null}},"loc":{"start":{"line":49,"column":2},"end":{"line":51,"column":3}}},"5":{"name":"(anonymous_5)","decl":{"start":{"line":63,"column":9},"end":{"line":63,"column":21}},"loc":{"start":{"line":63,"column":47},"end":{"line":67,"column":3}}},"6":{"name":"(anonymous_6)","decl":{"start":{"line":78,"column":9},"end":{"line":78,"column":39}},"loc":{"start":{"line":78,"column":59},"end":{"line":84,"column":3}}}},"branchMap":{"0":{"loc":{"start":{"line":80,"column":4},"end":{"line":82,"column":5}},"type":"if","locations":[{"start":{"line":80,"column":4},"end":{"line":82,"column":5}}]},"1":{"loc":{"start":{"line":80,"column":8},"end":{"line":80,"column":38}},"type":"binary-expr","locations":[{"start":{"line":80,"column":8},"end":{"line":80,"column":11}},{"start":{"line":80,"column":15},"end":{"line":80,"column":38}}]}},"s":{"0":3,"1":3,"2":3,"3":3,"4":3,"5":10,"6":2,"7":2,"8":2,"9":2,"10":2,"11":3,"12":8,"13":6,"14":6,"15":6,"16":2,"17":2,"18":1,"19":1,"20":3},"f":{"0":10,"1":2,"2":2,"3":2,"4":8,"5":6,"6":2},"b":{"0":[1],"1":[2,1]}}
,"E:\\python\\2025\\node\\src\\core\\use-cases\\book\\create-book.use-case.ts": {"path":"E:\\python\\2025\\node\\src\\core\\use-cases\\book\\create-book.use-case.ts","statementMap":{"0":{"start":{"line":1,"column":0},"end":{"line":1,"column":37}},"1":{"start":{"line":10,"column":4},"end":{"line":10,"column":54}},"2":{"start":{"line":11,"column":4},"end":{"line":11,"column":78}},"3":{"start":{"line":13,"column":16},"end":{"line":26,"column":null}},"4":{"start":{"line":19,"column":4},"end":{"line":19,"column":51}},"5":{"start":{"line":20,"column":4},"end":{"line":25,"column":7}},"6":{"start":{"line":28,"column":0},"end":{"line":28,"column":33}}},"fnMap":{"0":{"name":"(anonymous_7)","decl":{"start":{"line":9,"column":2},"end":{"line":9,"column":null}},"loc":{"start":{"line":9,"column":2},"end":{"line":12,"column":3}}},"1":{"name":"(anonymous_8)","decl":{"start":{"line":13,"column":8},"end":{"line":13,"column":15}},"loc":{"start":{"line":13,"column":15},"end":{"line":26,"column":null}}},"2":{"name":"(anonymous_9)","decl":{"start":{"line":13,"column":16},"end":{"line":13,"column":null}},"loc":{"start":{"line":18,"column":20},"end":{"line":26,"column":3}}}},"branchMap":{},"s":{"0":1,"1":1,"2":1,"3":1,"4":1,"5":1,"6":1},"f":{"0":1,"1":1,"2":1},"b":{}}
,"E:\\python\\2025\\node\\src\\core\\use-cases\\book\\delete-book.use-case.ts": {"path":"E:\\python\\2025\\node\\src\\core\\use-cases\\book\\delete-book.use-case.ts","statementMap":{"0":{"start":{"line":1,"column":0},"end":{"line":1,"column":37}},"1":{"start":{"line":9,"column":4},"end":{"line":9,"column":54}},"2":{"start":{"line":10,"column":4},"end":{"line":10,"column":78}},"3":{"start":{"line":13,"column":4},"end":{"line":13,"column":51}},"4":{"start":{"line":14,"column":17},"end":{"line":14,"column":53}},"5":{"start":{"line":15,"column":4},"end":{"line":17,"column":5}},"6":{"start":{"line":16,"column":6},"end":{"line":16,"column":30}},"7":{"start":{"line":20,"column":0},"end":{"line":20,"column":33}}},"fnMap":{"0":{"name":"(anonymous_7)","decl":{"start":{"line":8,"column":2},"end":{"line":8,"column":null}},"loc":{"start":{"line":8,"column":2},"end":{"line":11,"column":3}}},"1":{"name":"(anonymous_8)","decl":{"start":{"line":12,"column":8},"end":{"line":12,"column":15}},"loc":{"start":{"line":12,"column":26},"end":{"line":18,"column":null}}}},"branchMap":{"0":{"loc":{"start":{"line":15,"column":4},"end":{"line":17,"column":5}},"type":"if","locations":[{"start":{"line":15,"column":4},"end":{"line":17,"column":5}}]}},"s":{"0":1,"1":2,"2":2,"3":2,"4":2,"5":2,"6":1,"7":1},"f":{"0":2,"1":2},"b":{"0":[1]}}
,"E:\\python\\2025\\node\\src\\core\\use-cases\\book\\get-book.use-case.ts": {"path":"E:\\python\\2025\\node\\src\\core\\use-cases\\book\\get-book.use-case.ts","statementMap":{"0":{"start":{"line":1,"column":0},"end":{"line":1,"column":37}},"1":{"start":{"line":10,"column":4},"end":{"line":10,"column":54}},"2":{"start":{"line":11,"column":4},"end":{"line":11,"column":78}},"3":{"start":{"line":14,"column":4},"end":{"line":14,"column":48}},"4":{"start":{"line":15,"column":17},"end":{"line":15,"column":55}},"5":{"start":{"line":16,"column":4},"end":{"line":16,"column":36}},"6":{"start":{"line":19,"column":0},"end":{"line":19,"column":30}}},"fnMap":{"0":{"name":"(anonymous_7)","decl":{"start":{"line":9,"column":2},"end":{"line":9,"column":null}},"loc":{"start":{"line":9,"column":2},"end":{"line":12,"column":3}}},"1":{"name":"(anonymous_8)","decl":{"start":{"line":13,"column":8},"end":{"line":13,"column":15}},"loc":{"start":{"line":13,"column":26},"end":{"line":17,"column":null}}}},"branchMap":{"0":{"loc":{"start":{"line":16,"column":11},"end":{"line":16,"column":35}},"type":"cond-expr","locations":[{"start":{"line":16,"column":11},"end":{"line":16,"column":15}},{"start":{"line":16,"column":19},"end":{"line":16,"column":35}}]},"1":{"loc":{"start":{"line":16,"column":11},"end":{"line":16,"column":19}},"type":"binary-expr","locations":[{"start":{"line":16,"column":11},"end":{"line":16,"column":19}},{"start":{"line":16,"column":11},"end":{"line":16,"column":19}}]}},"s":{"0":1,"1":2,"2":2,"3":2,"4":2,"5":2,"6":1},"f":{"0":2,"1":2},"b":{"0":[1,1],"1":[2,1]}}
,"E:\\python\\2025\\node\\src\\core\\use-cases\\book\\list-book.use-case.ts": {"path":"E:\\python\\2025\\node\\src\\core\\use-cases\\book\\list-book.use-case.ts","statementMap":{"0":{"start":{"line":1,"column":0},"end":{"line":1,"column":37}},"1":{"start":{"line":10,"column":4},"end":{"line":10,"column":54}},"2":{"start":{"line":11,"column":4},"end":{"line":11,"column":78}},"3":{"start":{"line":14,"column":4},"end":{"line":14,"column":49}},"4":{"start":{"line":15,"column":4},"end":{"line":15,"column":38}},"5":{"start":{"line":18,"column":0},"end":{"line":18,"column":31}}},"fnMap":{"0":{"name":"(anonymous_7)","decl":{"start":{"line":9,"column":2},"end":{"line":9,"column":null}},"loc":{"start":{"line":9,"column":2},"end":{"line":12,"column":3}}},"1":{"name":"(anonymous_8)","decl":{"start":{"line":13,"column":8},"end":{"line":13,"column":15}},"loc":{"start":{"line":13,"column":15},"end":{"line":16,"column":null}}}},"branchMap":{},"s":{"0":1,"1":1,"2":1,"3":1,"4":1,"5":1},"f":{"0":1,"1":1},"b":{}}
,"E:\\python\\2025\\node\\src\\core\\use-cases\\user\\sign-in-with-login-password-user.use-case.ts": {"path":"E:\\python\\2025\\node\\src\\core\\use-cases\\user\\sign-in-with-login-password-user.use-case.ts","statementMap":{"0":{"start":{"line":1,"column":0},"end":{"line":1,"column":37}},"1":{"start":{"line":2,"column":0},"end":{"line":2,"column":61}},"2":{"start":{"line":10,"column":4},"end":{"line":10,"column":54}},"3":{"start":{"line":11,"column":4},"end":{"line":11,"column":78}},"4":{"start":{"line":17,"column":4},"end":{"line":17,"column":68}},"5":{"start":{"line":18,"column":28},"end":{"line":18,"column":49}},"6":{"start":{"line":19,"column":25},"end":{"line":21,"column":null}},"7":{"start":{"line":24,"column":4},"end":{"line":26,"column":25}},"8":{"start":{"line":29,"column":0},"end":{"line":29,"column":50}}},"fnMap":{"0":{"name":"(anonymous_7)","decl":{"start":{"line":9,"column":2},"end":{"line":9,"column":null}},"loc":{"start":{"line":9,"column":2},"end":{"line":12,"column":3}}},"1":{"name":"(anonymous_8)","decl":{"start":{"line":13,"column":8},"end":{"line":13,"column":15}},"loc":{"start":{"line":15,"column":20},"end":{"line":27,"column":null}}}},"branchMap":{"0":{"loc":{"start":{"line":24,"column":11},"end":{"line":26,"column":24}},"type":"cond-expr","locations":[{"start":{"line":25,"column":8},"end":{"line":25,"column":68}},{"start":{"line":26,"column":8},"end":{"line":26,"column":24}}]}},"s":{"0":2,"1":2,"2":4,"3":4,"4":4,"5":4,"6":4,"7":4,"8":2},"f":{"0":4,"1":4},"b":{"0":[2,2]}}
,"E:\\python\\2025\\node\\src\\core\\use-cases\\user\\sign-up-login-password-user.use-case.ts": {"path":"E:\\python\\2025\\node\\src\\core\\use-cases\\user\\sign-up-login-password-user.use-case.ts","statementMap":{"0":{"start":{"line":1,"column":0},"end":{"line":1,"column":37}},"1":{"start":{"line":2,"column":0},"end":{"line":2,"column":61}},"2":{"start":{"line":10,"column":4},"end":{"line":10,"column":54}},"3":{"start":{"line":11,"column":4},"end":{"line":11,"column":78}},"4":{"start":{"line":13,"column":16},"end":{"line":32,"column":null}},"5":{"start":{"line":19,"column":4},"end":{"line":19,"column":68}},"6":{"start":{"line":20,"column":28},"end":{"line":20,"column":49}},"7":{"start":{"line":21,"column":25},"end":{"line":24,"column":6}},"8":{"start":{"line":26,"column":4},"end":{"line":28,"column":5}},"9":{"start":{"line":27,"column":6},"end":{"line":27,"column":26}},"10":{"start":{"line":29,"column":4},"end":{"line":31,"column":6}},"11":{"start":{"line":34,"column":0},"end":{"line":34,"column":50}}},"fnMap":{"0":{"name":"(anonymous_7)","decl":{"start":{"line":9,"column":2},"end":{"line":9,"column":null}},"loc":{"start":{"line":9,"column":2},"end":{"line":12,"column":3}}},"1":{"name":"(anonymous_8)","decl":{"start":{"line":13,"column":8},"end":{"line":13,"column":15}},"loc":{"start":{"line":13,"column":15},"end":{"line":32,"column":null}}},"2":{"name":"(anonymous_9)","decl":{"start":{"line":13,"column":16},"end":{"line":13,"column":null}},"loc":{"start":{"line":16,"column":20},"end":{"line":32,"column":3}}}},"branchMap":{"0":{"loc":{"start":{"line":26,"column":4},"end":{"line":28,"column":5}},"type":"if","locations":[{"start":{"line":26,"column":4},"end":{"line":28,"column":5}}]}},"s":{"0":1,"1":1,"2":2,"3":2,"4":2,"5":2,"6":2,"7":2,"8":2,"9":1,"10":1,"11":1},"f":{"0":2,"1":2,"2":2},"b":{"0":[1]}}
}
