TN:
SF:src\core\entities\user.entity.ts
FN:14,(anonymous_0)
FN:26,(anonymous_1)
FN:31,(anonymous_2)
FN:40,(anonymous_3)
FN:49,(anonymous_4)
FN:63,(anonymous_5)
FN:78,(anonymous_6)
FNF:7
FNH:7
FNDA:10,(anonymous_0)
FNDA:2,(anonymous_1)
FNDA:2,(anonymous_2)
FNDA:2,(anonymous_3)
FNDA:8,(anonymous_4)
FNDA:6,(anonymous_5)
FNDA:2,(anonymous_6)
DA:1,3
DA:2,3
DA:3,3
DA:4,3
DA:6,3
DA:15,10
DA:24,3
DA:27,2
DA:28,2
DA:32,2
DA:41,2
DA:44,2
DA:48,3
DA:50,8
DA:64,6
DA:65,6
DA:66,6
DA:79,2
DA:80,2
DA:81,1
DA:83,1
LF:21
LH:21
BRDA:80,0,0,1
BRDA:80,1,0,2
BRDA:80,1,1,1
BRF:3
BRH:3
end_of_record
TN:
SF:src\core\use-cases\book\create-book.use-case.ts
FN:9,(anonymous_7)
FN:13,(anonymous_8)
FN:13,(anonymous_9)
FNF:3
FNH:3
FNDA:1,(anonymous_7)
FNDA:1,(anonymous_8)
FNDA:1,(anonymous_9)
DA:1,1
DA:10,1
DA:11,1
DA:13,1
DA:19,1
DA:20,1
DA:28,1
LF:7
LH:7
BRF:0
BRH:0
end_of_record
TN:
SF:src\core\use-cases\book\delete-book.use-case.ts
FN:8,(anonymous_7)
FN:12,(anonymous_8)
FNF:2
FNH:2
FNDA:2,(anonymous_7)
FNDA:2,(anonymous_8)
DA:1,1
DA:9,2
DA:10,2
DA:13,2
DA:14,2
DA:15,2
DA:16,1
DA:20,1
LF:8
LH:8
BRDA:15,0,0,1
BRF:1
BRH:1
end_of_record
TN:
SF:src\core\use-cases\book\get-book.use-case.ts
FN:9,(anonymous_7)
FN:13,(anonymous_8)
FNF:2
FNH:2
FNDA:2,(anonymous_7)
FNDA:2,(anonymous_8)
DA:1,1
DA:10,2
DA:11,2
DA:14,2
DA:15,2
DA:16,2
DA:19,1
LF:7
LH:7
BRDA:16,0,0,1
BRDA:16,0,1,1
BRDA:16,1,0,2
BRDA:16,1,1,1
BRF:4
BRH:4
end_of_record
TN:
SF:src\core\use-cases\book\list-book.use-case.ts
FN:9,(anonymous_7)
FN:13,(anonymous_8)
FNF:2
FNH:2
FNDA:1,(anonymous_7)
FNDA:1,(anonymous_8)
DA:1,1
DA:10,1
DA:11,1
DA:14,1
DA:15,1
DA:18,1
LF:6
LH:6
BRF:0
BRH:0
end_of_record
TN:
SF:src\core\use-cases\user\sign-in-with-login-password-user.use-case.ts
FN:9,(anonymous_7)
FN:13,(anonymous_8)
FNF:2
FNH:2
FNDA:4,(anonymous_7)
FNDA:4,(anonymous_8)
DA:1,2
DA:2,2
DA:10,4
DA:11,4
DA:17,4
DA:18,4
DA:19,4
DA:24,4
DA:29,2
LF:9
LH:9
BRDA:24,0,0,2
BRDA:24,0,1,2
BRF:2
BRH:2
end_of_record
TN:
SF:src\core\use-cases\user\sign-up-login-password-user.use-case.ts
FN:9,(anonymous_7)
FN:13,(anonymous_8)
FN:13,(anonymous_9)
FNF:3
FNH:3
FNDA:2,(anonymous_7)
FNDA:2,(anonymous_8)
FNDA:2,(anonymous_9)
DA:1,1
DA:2,1
DA:10,2
DA:11,2
DA:13,2
DA:19,2
DA:20,2
DA:21,2
DA:26,2
DA:27,1
DA:29,1
DA:34,1
LF:12
LH:12
BRDA:26,0,0,1
BRF:1
BRH:1
end_of_record
